{
    "timestamp": "2025-04-15 12:35:51",
    "received_data": "{\"player_name\":\"Eetu\",\"score\":1,\"total\":5,\"teacher_id\":1,\"category_id\":5}",
    "decoded_data": {
        "player_name": "Eetu",
        "score": 1,
        "total": 5,
        "teacher_id": 1,
        "category_id": 5
    },
    "sql_queries": {
        "insert": "INSERT INTO highscores (player_name, score, total_questions, teacher_id, category_id) \r\n                  VALUES ('Eetu', 1, 5, 1, 5)",
        "select": "SELECT player_name, score, total_questions \r\n                  FROM highscores \r\n                  WHERE teacher_id = 1 AND category_id = 5\r\n                  ORDER BY score DESC, created_at DESC\r\n                  LIMIT 10"
    },
    "errors": [],
    "success": true
}{
    "timestamp": "2025-04-15 12:39:13",
    "received_data": "{\"player_name\":\"Ask\",\"score\":0,\"total\":5,\"teacher_id\":1,\"category_id\":3}",
    "decoded_data": {
        "player_name": "Ask",
        "score": 0,
        "total": 5,
        "teacher_id": 1,
        "category_id": 3
    },
    "sql_queries": {
        "insert": "INSERT INTO highscores (player_name, score, total_questions, teacher_id, category_id) \r\n                  VALUES ('Ask', 0, 5, 1, 3)",
        "select": "SELECT player_name, score, total_questions \r\n                  FROM highscores \r\n                  WHERE teacher_id = 1 AND category_id = 3\r\n                  ORDER BY score DESC, created_at DESC\r\n                  LIMIT 10"
    },
    "errors": [],
    "success": true
}{
    "timestamp": "2025-04-15 12:39:39",
    "received_data": "{\"player_name\":\"Askas\",\"score\":0,\"total\":5,\"teacher_id\":1,\"category_id\":3}",
    "decoded_data": {
        "player_name": "Askas",
        "score": 0,
        "total": 5,
        "teacher_id": 1,
        "category_id": 3
    },
    "sql_queries": {
        "insert": "INSERT INTO highscores (player_name, score, total_questions, teacher_id, category_id) \r\n                  VALUES ('Askas', 0, 5, 1, 3)",
        "select": "SELECT player_name, score, total_questions \r\n                  FROM highscores \r\n                  WHERE teacher_id = 1 AND category_id = 3\r\n                  ORDER BY score DESC, created_at DESC\r\n                  LIMIT 10"
    },
    "errors": [],
    "success": true
}{
    "timestamp": "2025-04-15 12:40:32",
    "received_data": "{\"player_name\":\"Eetu\",\"score\":2,\"total\":5,\"teacher_id\":1,\"category_id\":3}",
    "decoded_data": {
        "player_name": "Eetu",
        "score": 2,
        "total": 5,
        "teacher_id": 1,
        "category_id": 3
    },
    "sql_queries": {
        "insert": "INSERT INTO highscores (player_name, score, total_questions, teacher_id, category_id) \r\n                  VALUES ('Eetu', 2, 5, 1, 3)",
        "select": "SELECT player_name, score, total_questions \r\n                  FROM highscores \r\n                  WHERE teacher_id = 1 AND category_id = 3\r\n                  ORDER BY score DESC, created_at DESC\r\n                  LIMIT 10"
    },
    "errors": [],
    "success": true
}{
    "timestamp": "2025-04-15 12:41:39",
    "received_data": "{\"player_name\":\"Eetu\",\"score\":2,\"total\":5,\"teacher_id\":1,\"category_id\":3}",
    "decoded_data": {
        "player_name": "Eetu",
        "score": 2,
        "total": 5,
        "teacher_id": 1,
        "category_id": 3
    },
    "sql_queries": {
        "insert": "INSERT INTO highscores (player_name, score, total_questions, teacher_id, category_id) \r\n                  VALUES ('Eetu', 2, 5, 1, 3)",
        "select": "SELECT player_name, score, total_questions \r\n                  FROM highscores \r\n                  WHERE teacher_id = 1 AND category_id = 3\r\n                  ORDER BY score DESC, created_at DESC\r\n                  LIMIT 10"
    },
    "errors": [],
    "success": true
}{
    "timestamp": "2025-04-15 12:42:36",
    "received_data": "{\"player_name\":\"Ask\",\"score\":0,\"total\":5,\"teacher_id\":1,\"category_id\":2}",
    "decoded_data": {
        "player_name": "Ask",
        "score": 0,
        "total": 5,
        "teacher_id": 1,
        "category_id": 2
    },
    "sql_queries": {
        "insert": "INSERT INTO highscores (player_name, score, total_questions, teacher_id, category_id) \r\n                  VALUES ('Ask', 0, 5, 1, 2)",
        "select": "SELECT player_name, score, total_questions \r\n                  FROM highscores \r\n                  WHERE teacher_id = 1 AND category_id = 2\r\n                  ORDER BY score DESC, created_at DESC\r\n                  LIMIT 10"
    },
    "errors": [],
    "success": true
}{
    "timestamp": "2025-04-15 12:42:37",
    "received_data": "{\"player_name\":\"Ask\",\"score\":0,\"total\":5,\"teacher_id\":1,\"category_id\":2}",
    "decoded_data": {
        "player_name": "Ask",
        "score": 0,
        "total": 5,
        "teacher_id": 1,
        "category_id": 2
    },
    "sql_queries": {
        "insert": "INSERT INTO highscores (player_name, score, total_questions, teacher_id, category_id) \r\n                  VALUES ('Ask', 0, 5, 1, 2)",
        "select": "SELECT player_name, score, total_questions \r\n                  FROM highscores \r\n                  WHERE teacher_id = 1 AND category_id = 2\r\n                  ORDER BY score DESC, created_at DESC\r\n                  LIMIT 10"
    },
    "errors": [],
    "success": true
}{
    "timestamp": "2025-04-15 12:42:37",
    "received_data": "{\"player_name\":\"Ask\",\"score\":0,\"total\":5,\"teacher_id\":1,\"category_id\":2}",
    "decoded_data": {
        "player_name": "Ask",
        "score": 0,
        "total": 5,
        "teacher_id": 1,
        "category_id": 2
    },
    "sql_queries": {
        "insert": "INSERT INTO highscores (player_name, score, total_questions, teacher_id, category_id) \r\n                  VALUES ('Ask', 0, 5, 1, 2)",
        "select": "SELECT player_name, score, total_questions \r\n                  FROM highscores \r\n                  WHERE teacher_id = 1 AND category_id = 2\r\n                  ORDER BY score DESC, created_at DESC\r\n                  LIMIT 10"
    },
    "errors": [],
    "success": true
}{
    "timestamp": "2025-04-15 12:42:37",
    "received_data": "{\"player_name\":\"Ask\",\"score\":0,\"total\":5,\"teacher_id\":1,\"category_id\":2}",
    "decoded_data": {
        "player_name": "Ask",
        "score": 0,
        "total": 5,
        "teacher_id": 1,
        "category_id": 2
    },
    "sql_queries": {
        "insert": "INSERT INTO highscores (player_name, score, total_questions, teacher_id, category_id) \r\n                  VALUES ('Ask', 0, 5, 1, 2)",
        "select": "SELECT player_name, score, total_questions \r\n                  FROM highscores \r\n                  WHERE teacher_id = 1 AND category_id = 2\r\n                  ORDER BY score DESC, created_at DESC\r\n                  LIMIT 10"
    },
    "errors": [],
    "success": true
}{
    "timestamp": "2025-04-15 12:42:37",
    "received_data": "{\"player_name\":\"Ask\",\"score\":0,\"total\":5,\"teacher_id\":1,\"category_id\":2}",
    "decoded_data": {
        "player_name": "Ask",
        "score": 0,
        "total": 5,
        "teacher_id": 1,
        "category_id": 2
    },
    "sql_queries": {
        "insert": "INSERT INTO highscores (player_name, score, total_questions, teacher_id, category_id) \r\n                  VALUES ('Ask', 0, 5, 1, 2)",
        "select": "SELECT player_name, score, total_questions \r\n                  FROM highscores \r\n                  WHERE teacher_id = 1 AND category_id = 2\r\n                  ORDER BY score DESC, created_at DESC\r\n                  LIMIT 10"
    },
    "errors": [],
    "success": true
}{
    "timestamp": "2025-04-15 12:42:37",
    "received_data": "{\"player_name\":\"Ask\",\"score\":0,\"total\":5,\"teacher_id\":1,\"category_id\":2}",
    "decoded_data": {
        "player_name": "Ask",
        "score": 0,
        "total": 5,
        "teacher_id": 1,
        "category_id": 2
    },
    "sql_queries": {
        "insert": "INSERT INTO highscores (player_name, score, total_questions, teacher_id, category_id) \r\n                  VALUES ('Ask', 0, 5, 1, 2)",
        "select": "SELECT player_name, score, total_questions \r\n                  FROM highscores \r\n                  WHERE teacher_id = 1 AND category_id = 2\r\n                  ORDER BY score DESC, created_at DESC\r\n                  LIMIT 10"
    },
    "errors": [],
    "success": true
}{
    "timestamp": "2025-04-15 12:42:37",
    "received_data": "{\"player_name\":\"Ask\",\"score\":0,\"total\":5,\"teacher_id\":1,\"category_id\":2}",
    "decoded_data": {
        "player_name": "Ask",
        "score": 0,
        "total": 5,
        "teacher_id": 1,
        "category_id": 2
    },
    "sql_queries": {
        "insert": "INSERT INTO highscores (player_name, score, total_questions, teacher_id, category_id) \r\n                  VALUES ('Ask', 0, 5, 1, 2)",
        "select": "SELECT player_name, score, total_questions \r\n                  FROM highscores \r\n                  WHERE teacher_id = 1 AND category_id = 2\r\n                  ORDER BY score DESC, created_at DESC\r\n                  LIMIT 10"
    },
    "errors": [],
    "success": true
}{
    "timestamp": "2025-04-15 12:42:37",
    "received_data": "{\"player_name\":\"Ask\",\"score\":0,\"total\":5,\"teacher_id\":1,\"category_id\":2}",
    "decoded_data": {
        "player_name": "Ask",
        "score": 0,
        "total": 5,
        "teacher_id": 1,
        "category_id": 2
    },
    "sql_queries": {
        "insert": "INSERT INTO highscores (player_name, score, total_questions, teacher_id, category_id) \r\n                  VALUES ('Ask', 0, 5, 1, 2)",
        "select": "SELECT player_name, score, total_questions \r\n                  FROM highscores \r\n                  WHERE teacher_id = 1 AND category_id = 2\r\n                  ORDER BY score DESC, created_at DESC\r\n                  LIMIT 10"
    },
    "errors": [],
    "success": true
}{
    "timestamp": "2025-04-15 12:42:38",
    "received_data": "{\"player_name\":\"Ask\",\"score\":0,\"total\":5,\"teacher_id\":1,\"category_id\":2}",
    "decoded_data": {
        "player_name": "Ask",
        "score": 0,
        "total": 5,
        "teacher_id": 1,
        "category_id": 2
    },
    "sql_queries": {
        "insert": "INSERT INTO highscores (player_name, score, total_questions, teacher_id, category_id) \r\n                  VALUES ('Ask', 0, 5, 1, 2)",
        "select": "SELECT player_name, score, total_questions \r\n                  FROM highscores \r\n                  WHERE teacher_id = 1 AND category_id = 2\r\n                  ORDER BY score DESC, created_at DESC\r\n                  LIMIT 10"
    },
    "errors": [],
    "success": true
}{
    "timestamp": "2025-04-15 12:44:01",
    "received_data": "{\"player_name\":\"Ask\",\"score\":0,\"total\":0,\"teacher_id\":2,\"category_id\":3}",
    "decoded_data": {
        "player_name": "Ask",
        "score": 0,
        "total": 0,
        "teacher_id": 2,
        "category_id": 3
    },
    "sql_queries": [],
    "errors": [
        "Virheelliset pistem\u00e4\u00e4r\u00e4t"
    ],
    "success": false
}{
    "timestamp": "2025-04-15 12:44:21",
    "received_data": "{\"player_name\":\"sadsaf\",\"score\":0,\"total\":10,\"teacher_id\":1,\"category_id\":2}",
    "decoded_data": {
        "player_name": "sadsaf",
        "score": 0,
        "total": 10,
        "teacher_id": 1,
        "category_id": 2
    },
    "sql_queries": {
        "insert": "INSERT INTO highscores (player_name, score, total_questions, teacher_id, category_id) \r\n                  VALUES ('sadsaf', 0, 10, 1, 2)",
        "select": "SELECT player_name, score, total_questions \r\n                  FROM highscores \r\n                  WHERE teacher_id = 1 AND category_id = 2\r\n                  ORDER BY score DESC, created_at DESC\r\n                  LIMIT 10"
    },
    "errors": []
}Array
(
    [timestamp] => 2025-04-15 12:50:25
    [received_data] => {"player_name":"asdsfa","score":0,"total":5,"teacher_id":1,"category_id":3}
    [decoded_data] => Array
        (
            [player_name] => asdsfa
            [score] => 0
            [total] => 5
            [teacher_id] => 1
            [category_id] => 3
        )

    [sql_queries] => Array
        (
        )

    [errors] => Array
        (
        )

)
Array
(
    [timestamp] => 2025-04-15 12:50:51
    [received_data] => {"player_name":"qwdasd","score":1,"total":5,"teacher_id":1,"category_id":3}
    [decoded_data] => Array
        (
            [player_name] => qwdasd
            [score] => 1
            [total] => 5
            [teacher_id] => 1
            [category_id] => 3
        )

    [sql_queries] => Array
        (
        )

    [errors] => Array
        (
        )

)
Array
(
    [timestamp] => 2025-04-15 12:51:19
    [received_data] => {"player_name":"qwdasd","score":1,"total":5,"teacher_id":1,"category_id":3}
    [decoded_data] => Array
        (
            [player_name] => qwdasd
            [score] => 1
            [total] => 5
            [teacher_id] => 1
            [category_id] => 3
        )

    [sql_queries] => Array
        (
        )

    [errors] => Array
        (
        )

)
Array
(
    [timestamp] => 2025-04-15 12:52:23
    [received_data] => {"player_name":"anders","score":3,"total":5,"teacher_id":1,"category_id":4}
    [decoded_data] => Array
        (
            [player_name] => anders
            [score] => 3
            [total] => 5
            [teacher_id] => 1
            [category_id] => 4
        )

    [sql_queries] => Array
        (
        )

    [errors] => Array
        (
        )

)
Array
(
    [timestamp] => 2025-04-15 12:55:04
    [received_data] => {"player_name":"Eeru","score":4,"total":5,"teacher_id":1,"category_id":1}
    [decoded_data] => Array
        (
            [player_name] => Eeru
            [score] => 4
            [total] => 5
            [teacher_id] => 1
            [category_id] => 1
        )

    [sql_queries] => Array
        (
        )

    [errors] => Array
        (
        )

)
Array
(
    [timestamp] => 2025-04-15 12:55:47
    [received_data] => {"player_name":"Aaru","score":5,"total":5,"teacher_id":1,"category_id":1}
    [decoded_data] => Array
        (
            [player_name] => Aaru
            [score] => 5
            [total] => 5
            [teacher_id] => 1
            [category_id] => 1
        )

    [sql_queries] => Array
        (
        )

    [errors] => Array
        (
        )

)
